/home/data2/caoshuqin/leidongchen/project/AGCRN/lib/dataloader.py:77: UserWarning: The torch.cuda.*DtypeTensor constructors are no longer recommended. It's best to use methods such as torch.tensor(data, dtype=*, device='cuda') to create tensors. (Triggered internally at ../torch/csrc/tensor/python_tensor.cpp:78.)
  X, Y = TensorFloat(X), TensorFloat(Y)
2024-12-07 05:53: Experiment log path in: /home/data2/caoshuqin/leidongchen/project/AGCRN/model/experiments/PEMSD4/20241207055344
2024-12-07 05:53: Train Epoch 1: 0/158 Loss: 208.311050
2024-12-07 05:53: Train Epoch 1: 20/158 Loss: 190.858795
2024-12-07 05:53: Train Epoch 1: 40/158 Loss: 183.984497
2024-12-07 05:53: Train Epoch 1: 60/158 Loss: 227.445724
2024-12-07 05:53: Train Epoch 1: 80/158 Loss: 194.655075
2024-12-07 05:53: Train Epoch 1: 100/158 Loss: 187.816727
2024-12-07 05:53: Train Epoch 1: 120/158 Loss: 178.316666
2024-12-07 05:53: Train Epoch 1: 140/158 Loss: 199.860016
2024-12-07 05:53: **********Train Epoch 1: averaged Loss: 191.566763, tf_ratio: 1.000000
2024-12-07 05:54: **********Val Epoch 1: average Loss: 192.023744
2024-12-07 05:54: *********************************Current best model saved!
2024-12-07 05:54: Train Epoch 2: 0/158 Loss: 180.382965
2024-12-07 05:54: Train Epoch 2: 20/158 Loss: 188.677856
2024-12-07 05:54: Train Epoch 2: 40/158 Loss: 168.610794
2024-12-07 05:54: Train Epoch 2: 60/158 Loss: 187.073166
2024-12-07 05:54: Train Epoch 2: 80/158 Loss: 168.269104
2024-12-07 05:54: Train Epoch 2: 100/158 Loss: 183.619278
2024-12-07 05:54: Train Epoch 2: 120/158 Loss: 166.466385
2024-12-07 05:54: Train Epoch 2: 140/158 Loss: 148.044052
2024-12-07 05:54: **********Train Epoch 2: averaged Loss: 167.915787, tf_ratio: 1.000000
2024-12-07 05:54: **********Val Epoch 2: average Loss: 172.933520
2024-12-07 05:54: *********************************Current best model saved!
2024-12-07 05:54: Train Epoch 3: 0/158 Loss: 149.306061
2024-12-07 05:54: Train Epoch 3: 20/158 Loss: 150.470276
2024-12-07 05:54: Train Epoch 3: 40/158 Loss: 157.292389
2024-12-07 05:54: Train Epoch 3: 60/158 Loss: 159.737015
2024-12-07 05:54: Train Epoch 3: 80/158 Loss: 145.872360
2024-12-07 05:54: Train Epoch 3: 100/158 Loss: 154.091858
2024-12-07 05:54: Train Epoch 3: 120/158 Loss: 164.147598
2024-12-07 05:54: Train Epoch 3: 140/158 Loss: 134.116669
2024-12-07 05:54: **********Train Epoch 3: averaged Loss: 152.641950, tf_ratio: 1.000000
2024-12-07 05:54: **********Val Epoch 3: average Loss: 159.558743
2024-12-07 05:54: *********************************Current best model saved!
2024-12-07 05:54: Train Epoch 4: 0/158 Loss: 133.648895
2024-12-07 05:54: Train Epoch 4: 20/158 Loss: 144.081223
2024-12-07 05:54: Train Epoch 4: 40/158 Loss: 141.651596
2024-12-07 05:54: Train Epoch 4: 60/158 Loss: 147.662399
2024-12-07 05:54: Train Epoch 4: 80/158 Loss: 127.344841
2024-12-07 05:54: Train Epoch 4: 100/158 Loss: 130.335785
2024-12-07 05:54: Train Epoch 4: 120/158 Loss: 147.759567
2024-12-07 05:54: Train Epoch 4: 140/158 Loss: 146.817062
2024-12-07 05:54: **********Train Epoch 4: averaged Loss: 142.578299, tf_ratio: 1.000000
2024-12-07 05:54: **********Val Epoch 4: average Loss: 150.251958
2024-12-07 05:54: *********************************Current best model saved!
2024-12-07 05:54: Train Epoch 5: 0/158 Loss: 134.496475
2024-12-07 05:54: Train Epoch 5: 20/158 Loss: 135.436981
2024-12-07 05:54: Train Epoch 5: 40/158 Loss: 134.572647
2024-12-07 05:54: Train Epoch 5: 60/158 Loss: 139.918793
2024-12-07 05:54: Train Epoch 5: 80/158 Loss: 126.455681
2024-12-07 05:54: Train Epoch 5: 100/158 Loss: 142.025375
2024-12-07 05:54: Train Epoch 5: 120/158 Loss: 136.439835
2024-12-07 05:54: Train Epoch 5: 140/158 Loss: 123.809181
2024-12-07 05:55: **********Train Epoch 5: averaged Loss: 135.959611, tf_ratio: 1.000000
2024-12-07 05:55: **********Val Epoch 5: average Loss: 144.020526
2024-12-07 05:55: *********************************Current best model saved!
2024-12-07 05:55: Train Epoch 6: 0/158 Loss: 134.623917
2024-12-07 05:55: Train Epoch 6: 20/158 Loss: 130.100006
2024-12-07 05:55: Train Epoch 6: 40/158 Loss: 129.756592
2024-12-07 05:55: Train Epoch 6: 60/158 Loss: 133.361023
2024-12-07 05:55: Train Epoch 6: 80/158 Loss: 136.890030
2024-12-07 05:55: Train Epoch 6: 100/158 Loss: 130.420273
2024-12-07 05:55: Train Epoch 6: 120/158 Loss: 123.175919
2024-12-07 05:55: Train Epoch 6: 140/158 Loss: 126.307686
2024-12-07 05:55: **********Train Epoch 6: averaged Loss: 131.798355, tf_ratio: 1.000000
2024-12-07 05:55: **********Val Epoch 6: average Loss: 139.906101
2024-12-07 05:55: *********************************Current best model saved!
2024-12-07 05:55: Train Epoch 7: 0/158 Loss: 131.288696
2024-12-07 05:55: Train Epoch 7: 20/158 Loss: 123.681976
2024-12-07 05:55: Train Epoch 7: 40/158 Loss: 135.509125
2024-12-07 05:55: Train Epoch 7: 60/158 Loss: 127.837868
2024-12-07 05:55: Train Epoch 7: 80/158 Loss: 116.262115
2024-12-07 05:55: Train Epoch 7: 100/158 Loss: 102.475777
2024-12-07 05:55: Train Epoch 7: 120/158 Loss: 107.908081
2024-12-07 05:55: Train Epoch 7: 140/158 Loss: 102.073174
2024-12-07 05:55: **********Train Epoch 7: averaged Loss: 116.708523, tf_ratio: 1.000000
2024-12-07 05:55: **********Val Epoch 7: average Loss: 110.938855
2024-12-07 05:55: *********************************Current best model saved!
2024-12-07 05:55: Train Epoch 8: 0/158 Loss: 110.539131
2024-12-07 05:55: Train Epoch 8: 20/158 Loss: 104.642517
2024-12-07 05:55: Train Epoch 8: 40/158 Loss: 113.673866
2024-12-07 05:55: Train Epoch 8: 60/158 Loss: 90.265984
2024-12-07 05:55: Train Epoch 8: 80/158 Loss: 89.073837
2024-12-07 05:55: Train Epoch 8: 100/158 Loss: 90.486320
2024-12-07 05:55: Train Epoch 8: 120/158 Loss: 74.049454
2024-12-07 05:55: Train Epoch 8: 140/158 Loss: 96.379608
2024-12-07 05:55: **********Train Epoch 8: averaged Loss: 90.369306, tf_ratio: 1.000000
2024-12-07 05:55: **********Val Epoch 8: average Loss: 92.148462
2024-12-07 05:55: *********************************Current best model saved!
2024-12-07 05:55: Train Epoch 9: 0/158 Loss: 86.402473
2024-12-07 05:55: Train Epoch 9: 20/158 Loss: 86.406677
2024-12-07 05:55: Train Epoch 9: 40/158 Loss: 64.104492
2024-12-07 05:55: Train Epoch 9: 60/158 Loss: 66.893684
2024-12-07 05:55: Train Epoch 9: 80/158 Loss: 67.651840
2024-12-07 05:55: Train Epoch 9: 100/158 Loss: 71.708885
2024-12-07 05:55: Train Epoch 9: 120/158 Loss: 85.933891
2024-12-07 05:56: Train Epoch 9: 140/158 Loss: 68.502670
2024-12-07 05:56: **********Train Epoch 9: averaged Loss: 76.576836, tf_ratio: 1.000000
2024-12-07 05:56: **********Val Epoch 9: average Loss: 80.163764
2024-12-07 05:56: *********************************Current best model saved!
2024-12-07 05:56: Train Epoch 10: 0/158 Loss: 71.927444
2024-12-07 05:56: Train Epoch 10: 20/158 Loss: 63.560226
2024-12-07 05:56: Train Epoch 10: 40/158 Loss: 81.958267
2024-12-07 05:56: Train Epoch 10: 60/158 Loss: 61.396278
2024-12-07 05:56: Train Epoch 10: 80/158 Loss: 57.330757
2024-12-07 05:56: Train Epoch 10: 100/158 Loss: 63.163616
2024-12-07 05:56: Train Epoch 10: 120/158 Loss: 62.210835
2024-12-07 05:56: Train Epoch 10: 140/158 Loss: 76.280624
2024-12-07 05:56: **********Train Epoch 10: averaged Loss: 67.186145, tf_ratio: 1.000000
2024-12-07 05:56: **********Val Epoch 10: average Loss: 71.350183
2024-12-07 05:56: *********************************Current best model saved!
2024-12-07 05:56: Train Epoch 11: 0/158 Loss: 62.328899
2024-12-07 05:56: Train Epoch 11: 20/158 Loss: 67.010086
2024-12-07 05:56: Train Epoch 11: 40/158 Loss: 57.014584
2024-12-07 05:56: Train Epoch 11: 60/158 Loss: 59.159714
2024-12-07 05:56: Train Epoch 11: 80/158 Loss: 66.037384
2024-12-07 05:56: Train Epoch 11: 100/158 Loss: 58.052177
2024-12-07 05:56: Train Epoch 11: 120/158 Loss: 52.037842
2024-12-07 05:56: Train Epoch 11: 140/158 Loss: 57.858978
2024-12-07 05:56: **********Train Epoch 11: averaged Loss: 59.633846, tf_ratio: 1.000000
2024-12-07 05:56: **********Val Epoch 11: average Loss: 63.310231
2024-12-07 05:56: *********************************Current best model saved!
2024-12-07 05:56: Train Epoch 12: 0/158 Loss: 59.983215
2024-12-07 05:56: Train Epoch 12: 20/158 Loss: 69.395592
2024-12-07 05:56: Train Epoch 12: 40/158 Loss: 57.988171
2024-12-07 05:56: Train Epoch 12: 60/158 Loss: 57.199871
2024-12-07 05:56: Train Epoch 12: 80/158 Loss: 55.556591
2024-12-07 05:56: Train Epoch 12: 100/158 Loss: 53.266491
2024-12-07 05:56: Train Epoch 12: 120/158 Loss: 57.127182
2024-12-07 05:56: Train Epoch 12: 140/158 Loss: 45.122055
2024-12-07 05:56: **********Train Epoch 12: averaged Loss: 53.459941, tf_ratio: 1.000000
2024-12-07 05:56: **********Val Epoch 12: average Loss: 56.997430
2024-12-07 05:56: *********************************Current best model saved!
2024-12-07 05:56: Train Epoch 13: 0/158 Loss: 48.742065
2024-12-07 05:56: Train Epoch 13: 20/158 Loss: 52.963749
2024-12-07 05:56: Train Epoch 13: 40/158 Loss: 51.148869
2024-12-07 05:56: Train Epoch 13: 60/158 Loss: 49.739563
2024-12-07 05:56: Train Epoch 13: 80/158 Loss: 46.696239
2024-12-07 05:57: Train Epoch 13: 100/158 Loss: 51.981709
2024-12-07 05:57: Train Epoch 13: 120/158 Loss: 50.014881
2024-12-07 05:57: Train Epoch 13: 140/158 Loss: 48.102867
2024-12-07 05:57: **********Train Epoch 13: averaged Loss: 48.298732, tf_ratio: 1.000000
2024-12-07 05:57: **********Val Epoch 13: average Loss: 51.578861
2024-12-07 05:57: *********************************Current best model saved!
2024-12-07 05:57: Train Epoch 14: 0/158 Loss: 49.635754
2024-12-07 05:57: Train Epoch 14: 20/158 Loss: 46.811119
2024-12-07 05:57: Train Epoch 14: 40/158 Loss: 42.955460
2024-12-07 05:57: Train Epoch 14: 60/158 Loss: 42.196636
2024-12-07 05:57: Train Epoch 14: 80/158 Loss: 37.647236
2024-12-07 05:57: Train Epoch 14: 100/158 Loss: 44.577312
2024-12-07 05:57: Train Epoch 14: 120/158 Loss: 45.405277
2024-12-07 05:57: Train Epoch 14: 140/158 Loss: 40.496635
2024-12-07 05:57: **********Train Epoch 14: averaged Loss: 43.947399, tf_ratio: 1.000000
2024-12-07 05:57: **********Val Epoch 14: average Loss: 47.225471
2024-12-07 05:57: *********************************Current best model saved!
2024-12-07 05:57: Train Epoch 15: 0/158 Loss: 44.937584
2024-12-07 05:57: Train Epoch 15: 20/158 Loss: 40.555275
2024-12-07 05:57: Train Epoch 15: 40/158 Loss: 40.555733
2024-12-07 05:57: Train Epoch 15: 60/158 Loss: 40.006142
2024-12-07 05:57: Train Epoch 15: 80/158 Loss: 41.171825
2024-12-07 05:57: Train Epoch 15: 100/158 Loss: 39.191402
2024-12-07 05:57: Train Epoch 15: 120/158 Loss: 33.937515
2024-12-07 05:57: Train Epoch 15: 140/158 Loss: 41.881905
2024-12-07 05:57: **********Train Epoch 15: averaged Loss: 40.373299, tf_ratio: 1.000000
2024-12-07 05:57: **********Val Epoch 15: average Loss: 43.437625
2024-12-07 05:57: *********************************Current best model saved!
2024-12-07 05:57: Train Epoch 16: 0/158 Loss: 39.014412
2024-12-07 05:57: Train Epoch 16: 20/158 Loss: 41.239685
2024-12-07 05:57: Train Epoch 16: 40/158 Loss: 38.529732
2024-12-07 05:57: Train Epoch 16: 60/158 Loss: 38.988300
2024-12-07 05:57: Train Epoch 16: 80/158 Loss: 34.698986
2024-12-07 05:57: Train Epoch 16: 100/158 Loss: 38.650318
2024-12-07 05:57: Train Epoch 16: 120/158 Loss: 35.632393
2024-12-07 05:57: Train Epoch 16: 140/158 Loss: 37.488358
2024-12-07 05:57: **********Train Epoch 16: averaged Loss: 37.368133, tf_ratio: 1.000000
2024-12-07 05:57: **********Val Epoch 16: average Loss: 40.249183
2024-12-07 05:57: *********************************Current best model saved!
2024-12-07 05:57: Train Epoch 17: 0/158 Loss: 33.621662
2024-12-07 05:57: Train Epoch 17: 20/158 Loss: 37.185280
2024-12-07 05:57: Train Epoch 17: 40/158 Loss: 36.562881
2024-12-07 05:57: Train Epoch 17: 60/158 Loss: 32.118263
2024-12-07 05:58: Train Epoch 17: 80/158 Loss: 36.140835
2024-12-07 05:58: Train Epoch 17: 100/158 Loss: 35.445042
2024-12-07 05:58: Train Epoch 17: 120/158 Loss: 35.891193
2024-12-07 05:58: Train Epoch 17: 140/158 Loss: 31.988598
2024-12-07 05:58: **********Train Epoch 17: averaged Loss: 34.788922, tf_ratio: 1.000000
2024-12-07 05:58: **********Val Epoch 17: average Loss: 37.383277
2024-12-07 05:58: *********************************Current best model saved!
2024-12-07 05:58: Train Epoch 18: 0/158 Loss: 31.079157
2024-12-07 05:58: Train Epoch 18: 20/158 Loss: 31.576183
2024-12-07 05:58: Train Epoch 18: 40/158 Loss: 34.218369
2024-12-07 05:58: Train Epoch 18: 60/158 Loss: 35.824806
2024-12-07 05:58: Train Epoch 18: 80/158 Loss: 37.606350
2024-12-07 05:58: Train Epoch 18: 100/158 Loss: 33.072063
2024-12-07 05:58: Train Epoch 18: 120/158 Loss: 30.889536
2024-12-07 05:58: Train Epoch 18: 140/158 Loss: 33.490009
2024-12-07 05:58: **********Train Epoch 18: averaged Loss: 32.588645, tf_ratio: 1.000000
2024-12-07 05:58: **********Val Epoch 18: average Loss: 34.980651
2024-12-07 05:58: *********************************Current best model saved!
2024-12-07 05:58: Train Epoch 19: 0/158 Loss: 32.393719
2024-12-07 05:58: Train Epoch 19: 20/158 Loss: 32.816586
2024-12-07 05:58: Train Epoch 19: 40/158 Loss: 27.250473
2024-12-07 05:58: Train Epoch 19: 60/158 Loss: 34.185387
2024-12-07 05:58: Train Epoch 19: 80/158 Loss: 29.323254
2024-12-07 05:58: Train Epoch 19: 100/158 Loss: 31.228201
2024-12-07 05:58: Train Epoch 19: 120/158 Loss: 33.865524
2024-12-07 05:58: Train Epoch 19: 140/158 Loss: 30.404198
2024-12-07 05:58: **********Train Epoch 19: averaged Loss: 30.626232, tf_ratio: 1.000000
2024-12-07 05:58: **********Val Epoch 19: average Loss: 32.992540
2024-12-07 05:58: *********************************Current best model saved!
2024-12-07 05:58: Train Epoch 20: 0/158 Loss: 30.431030
2024-12-07 05:58: Train Epoch 20: 20/158 Loss: 24.189861
2024-12-07 05:58: Train Epoch 20: 40/158 Loss: 28.235149
2024-12-07 05:58: Train Epoch 20: 60/158 Loss: 32.583920
2024-12-07 05:58: Train Epoch 20: 80/158 Loss: 28.446833
2024-12-07 05:58: Train Epoch 20: 100/158 Loss: 29.078058
2024-12-07 05:58: Train Epoch 20: 120/158 Loss: 26.630610
2024-12-07 05:58: Train Epoch 20: 140/158 Loss: 29.991146
2024-12-07 05:58: **********Train Epoch 20: averaged Loss: 29.040476, tf_ratio: 1.000000
2024-12-07 05:58: **********Val Epoch 20: average Loss: 31.335380
2024-12-07 05:58: *********************************Current best model saved!
2024-12-07 05:58: Train Epoch 21: 0/158 Loss: 27.808043
2024-12-07 05:58: Train Epoch 21: 20/158 Loss: 28.441914
2024-12-07 05:59: Train Epoch 21: 40/158 Loss: 27.488485
2024-12-07 05:59: Train Epoch 21: 60/158 Loss: 26.709290
2024-12-07 05:59: Train Epoch 21: 80/158 Loss: 27.470232
2024-12-07 05:59: Train Epoch 21: 100/158 Loss: 28.348078
2024-12-07 05:59: Train Epoch 21: 120/158 Loss: 30.089575
2024-12-07 05:59: Train Epoch 21: 140/158 Loss: 31.728603
2024-12-07 05:59: **********Train Epoch 21: averaged Loss: 27.668126, tf_ratio: 1.000000
2024-12-07 05:59: **********Val Epoch 21: average Loss: 29.758788
2024-12-07 05:59: *********************************Current best model saved!
2024-12-07 05:59: Train Epoch 22: 0/158 Loss: 29.451220
2024-12-07 05:59: Train Epoch 22: 20/158 Loss: 26.880711
2024-12-07 05:59: Train Epoch 22: 40/158 Loss: 28.177784
2024-12-07 05:59: Train Epoch 22: 60/158 Loss: 26.012873
2024-12-07 05:59: Train Epoch 22: 80/158 Loss: 24.244402
2024-12-07 05:59: Train Epoch 22: 100/158 Loss: 26.524757
2024-12-07 05:59: Train Epoch 22: 120/158 Loss: 26.038834
2024-12-07 05:59: Train Epoch 22: 140/158 Loss: 24.166134
2024-12-07 05:59: **********Train Epoch 22: averaged Loss: 26.465866, tf_ratio: 1.000000
2024-12-07 05:59: **********Val Epoch 22: average Loss: 28.634788
2024-12-07 05:59: *********************************Current best model saved!
2024-12-07 05:59: Train Epoch 23: 0/158 Loss: 26.171965
2024-12-07 05:59: Train Epoch 23: 20/158 Loss: 25.370340
2024-12-07 05:59: Train Epoch 23: 40/158 Loss: 26.211065
2024-12-07 05:59: Train Epoch 23: 60/158 Loss: 23.890884
2024-12-07 05:59: Train Epoch 23: 80/158 Loss: 28.687624
2024-12-07 05:59: Train Epoch 23: 100/158 Loss: 26.566004
2024-12-07 05:59: Train Epoch 23: 120/158 Loss: 24.640884
2024-12-07 05:59: Train Epoch 23: 140/158 Loss: 24.023384
2024-12-07 05:59: **********Train Epoch 23: averaged Loss: 25.492096, tf_ratio: 1.000000
2024-12-07 05:59: **********Val Epoch 23: average Loss: 27.568863
2024-12-07 05:59: *********************************Current best model saved!
2024-12-07 05:59: Train Epoch 24: 0/158 Loss: 24.695625
2024-12-07 05:59: Train Epoch 24: 20/158 Loss: 23.776569
2024-12-07 05:59: Train Epoch 24: 40/158 Loss: 22.651804
2024-12-07 05:59: Train Epoch 24: 60/158 Loss: 24.728247
2024-12-07 05:59: Train Epoch 24: 80/158 Loss: 25.262369
2024-12-07 05:59: Train Epoch 24: 100/158 Loss: 21.556503
2024-12-07 05:59: Train Epoch 24: 120/158 Loss: 23.809332
2024-12-07 05:59: Train Epoch 24: 140/158 Loss: 24.644232
2024-12-07 05:59: **********Train Epoch 24: averaged Loss: 24.664099, tf_ratio: 1.000000
2024-12-07 05:59: **********Val Epoch 24: average Loss: 26.710726
2024-12-07 05:59: *********************************Current best model saved!
2024-12-07 06:00: Train Epoch 25: 0/158 Loss: 23.617197
2024-12-07 06:00: Train Epoch 25: 20/158 Loss: 25.867577
2024-12-07 06:00: Train Epoch 25: 40/158 Loss: 24.670691
2024-12-07 06:00: Train Epoch 25: 60/158 Loss: 27.420931
2024-12-07 06:00: Train Epoch 25: 80/158 Loss: 24.420832
2024-12-07 06:00: Train Epoch 25: 100/158 Loss: 21.486319
2024-12-07 06:00: Train Epoch 25: 120/158 Loss: 22.860592
2024-12-07 06:00: Train Epoch 25: 140/158 Loss: 18.224024
2024-12-07 06:00: **********Train Epoch 25: averaged Loss: 23.987289, tf_ratio: 1.000000
2024-12-07 06:00: **********Val Epoch 25: average Loss: 26.080360
2024-12-07 06:00: *********************************Current best model saved!
2024-12-07 06:00: Train Epoch 26: 0/158 Loss: 25.128006
2024-12-07 06:00: Train Epoch 26: 20/158 Loss: 22.711542
2024-12-07 06:00: Train Epoch 26: 40/158 Loss: 25.285492
2024-12-07 06:00: Train Epoch 26: 60/158 Loss: 22.628387
2024-12-07 06:00: Train Epoch 26: 80/158 Loss: 23.648794
2024-12-07 06:00: Train Epoch 26: 100/158 Loss: 22.186594
2024-12-07 06:00: Train Epoch 26: 120/158 Loss: 22.554028
2024-12-07 06:00: Train Epoch 26: 140/158 Loss: 23.227173
2024-12-07 06:00: **********Train Epoch 26: averaged Loss: 23.328635, tf_ratio: 1.000000
2024-12-07 06:00: **********Val Epoch 26: average Loss: 25.260196
2024-12-07 06:00: *********************************Current best model saved!
2024-12-07 06:00: Train Epoch 27: 0/158 Loss: 23.486679
2024-12-07 06:00: Train Epoch 27: 20/158 Loss: 22.610632
2024-12-07 06:00: Train Epoch 27: 40/158 Loss: 24.460285
2024-12-07 06:00: Train Epoch 27: 60/158 Loss: 23.974667
2024-12-07 06:00: Train Epoch 27: 80/158 Loss: 22.498581
2024-12-07 06:00: Train Epoch 27: 100/158 Loss: 21.587105
2024-12-07 06:00: Train Epoch 27: 120/158 Loss: 24.153353
2024-12-07 06:00: Train Epoch 27: 140/158 Loss: 22.881023
2024-12-07 06:00: **********Train Epoch 27: averaged Loss: 22.744114, tf_ratio: 1.000000
2024-12-07 06:00: **********Val Epoch 27: average Loss: 24.789960
2024-12-07 06:00: *********************************Current best model saved!
2024-12-07 06:00: Train Epoch 28: 0/158 Loss: 25.077744
2024-12-07 06:00: Train Epoch 28: 20/158 Loss: 22.945267
2024-12-07 06:00: Train Epoch 28: 40/158 Loss: 20.005632
2024-12-07 06:00: Train Epoch 28: 60/158 Loss: 23.341377
2024-12-07 06:00: Train Epoch 28: 80/158 Loss: 23.152924
2024-12-07 06:00: Train Epoch 28: 100/158 Loss: 22.936810
2024-12-07 06:00: Train Epoch 28: 120/158 Loss: 20.581850
2024-12-07 06:00: Train Epoch 28: 140/158 Loss: 24.357420
2024-12-07 06:01: **********Train Epoch 28: averaged Loss: 22.270487, tf_ratio: 1.000000
2024-12-07 06:01: **********Val Epoch 28: average Loss: 24.363996
2024-12-07 06:01: *********************************Current best model saved!
2024-12-07 06:01: Train Epoch 29: 0/158 Loss: 23.887484
2024-12-07 06:01: Train Epoch 29: 20/158 Loss: 25.726948
2024-12-07 06:01: Train Epoch 29: 40/158 Loss: 20.338018
2024-12-07 06:01: Train Epoch 29: 60/158 Loss: 21.481712
2024-12-07 06:01: Train Epoch 29: 80/158 Loss: 21.749836
2024-12-07 06:01: Train Epoch 29: 100/158 Loss: 21.382896
2024-12-07 06:01: Train Epoch 29: 120/158 Loss: 22.484118
2024-12-07 06:01: Train Epoch 29: 140/158 Loss: 21.689644
2024-12-07 06:01: **********Train Epoch 29: averaged Loss: 21.840912, tf_ratio: 1.000000
2024-12-07 06:01: **********Val Epoch 29: average Loss: 23.673505
2024-12-07 06:01: *********************************Current best model saved!
2024-12-07 06:01: Train Epoch 30: 0/158 Loss: 19.254644
2024-12-07 06:01: Train Epoch 30: 20/158 Loss: 18.407274
2024-12-07 06:01: Train Epoch 30: 40/158 Loss: 21.009422
2024-12-07 06:01: Train Epoch 30: 60/158 Loss: 21.768713
2024-12-07 06:01: Train Epoch 30: 80/158 Loss: 22.099495
2024-12-07 06:01: Train Epoch 30: 100/158 Loss: 24.178204
2024-12-07 06:01: Train Epoch 30: 120/158 Loss: 22.428671
2024-12-07 06:01: Train Epoch 30: 140/158 Loss: 19.878042
2024-12-07 06:01: **********Train Epoch 30: averaged Loss: 21.438035, tf_ratio: 1.000000
2024-12-07 06:01: **********Val Epoch 30: average Loss: 23.527970
2024-12-07 06:01: *********************************Current best model saved!
2024-12-07 06:01: Train Epoch 31: 0/158 Loss: 22.205994
2024-12-07 06:01: Train Epoch 31: 20/158 Loss: 20.527584
2024-12-07 06:01: Train Epoch 31: 40/158 Loss: 22.177464
2024-12-07 06:01: Train Epoch 31: 60/158 Loss: 22.233307
2024-12-07 06:01: Train Epoch 31: 80/158 Loss: 19.542976
2024-12-07 06:01: Train Epoch 31: 100/158 Loss: 20.532946
2024-12-07 06:01: Train Epoch 31: 120/158 Loss: 21.465443
2024-12-07 06:01: Train Epoch 31: 140/158 Loss: 22.103561
2024-12-07 06:01: **********Train Epoch 31: averaged Loss: 21.090989, tf_ratio: 1.000000
2024-12-07 06:01: **********Val Epoch 31: average Loss: 22.939565
2024-12-07 06:01: *********************************Current best model saved!
2024-12-07 06:01: Train Epoch 32: 0/158 Loss: 20.068165
2024-12-07 06:01: Train Epoch 32: 20/158 Loss: 20.875303
2024-12-07 06:01: Train Epoch 32: 40/158 Loss: 22.967373
2024-12-07 06:01: Train Epoch 32: 60/158 Loss: 17.866093
2024-12-07 06:01: Train Epoch 32: 80/158 Loss: 19.076366
2024-12-07 06:01: Train Epoch 32: 100/158 Loss: 21.220846
2024-12-07 06:02: Train Epoch 32: 120/158 Loss: 20.884041
2024-12-07 06:02: Train Epoch 32: 140/158 Loss: 20.168650
2024-12-07 06:02: **********Train Epoch 32: averaged Loss: 20.843688, tf_ratio: 1.000000
2024-12-07 06:02: **********Val Epoch 32: average Loss: 22.638172
2024-12-07 06:02: *********************************Current best model saved!
2024-12-07 06:02: Train Epoch 33: 0/158 Loss: 20.258997
2024-12-07 06:02: Train Epoch 33: 20/158 Loss: 19.765383
2024-12-07 06:02: Train Epoch 33: 40/158 Loss: 20.720940
2024-12-07 06:02: Train Epoch 33: 60/158 Loss: 20.945984
2024-12-07 06:02: Train Epoch 33: 80/158 Loss: 21.193811
2024-12-07 06:02: Train Epoch 33: 100/158 Loss: 20.782923
2024-12-07 06:02: Train Epoch 33: 120/158 Loss: 20.823965
2024-12-07 06:02: Train Epoch 33: 140/158 Loss: 20.337364
2024-12-07 06:02: **********Train Epoch 33: averaged Loss: 20.482689, tf_ratio: 1.000000
2024-12-07 06:02: **********Val Epoch 33: average Loss: 22.338701
2024-12-07 06:02: *********************************Current best model saved!
2024-12-07 06:02: Train Epoch 34: 0/158 Loss: 19.749878
2024-12-07 06:02: Train Epoch 34: 20/158 Loss: 20.803118
2024-12-07 06:02: Train Epoch 34: 40/158 Loss: 20.369816
2024-12-07 06:02: Train Epoch 34: 60/158 Loss: 19.158367
2024-12-07 06:02: Train Epoch 34: 80/158 Loss: 19.984957
2024-12-07 06:02: Train Epoch 34: 100/158 Loss: 21.525072
2024-12-07 06:02: Train Epoch 34: 120/158 Loss: 18.817242
2024-12-07 06:02: Train Epoch 34: 140/158 Loss: 21.510592
2024-12-07 06:02: **********Train Epoch 34: averaged Loss: 20.262613, tf_ratio: 1.000000
2024-12-07 06:02: **********Val Epoch 34: average Loss: 22.168676
2024-12-07 06:02: *********************************Current best model saved!
2024-12-07 06:02: Train Epoch 35: 0/158 Loss: 18.856356
2024-12-07 06:02: Train Epoch 35: 20/158 Loss: 20.692820
2024-12-07 06:02: Train Epoch 35: 40/158 Loss: 18.308861
2024-12-07 06:02: Train Epoch 35: 60/158 Loss: 21.041571
2024-12-07 06:02: Train Epoch 35: 80/158 Loss: 20.028811
2024-12-07 06:02: Train Epoch 35: 100/158 Loss: 21.159805
2024-12-07 06:02: Train Epoch 35: 120/158 Loss: 19.495985
2024-12-07 06:02: Train Epoch 35: 140/158 Loss: 19.521564
2024-12-07 06:02: **********Train Epoch 35: averaged Loss: 20.029888, tf_ratio: 1.000000
2024-12-07 06:02: **********Val Epoch 35: average Loss: 21.860383
2024-12-07 06:02: *********************************Current best model saved!
2024-12-07 06:02: Train Epoch 36: 0/158 Loss: 17.983168
2024-12-07 06:02: Train Epoch 36: 20/158 Loss: 19.477671
2024-12-07 06:02: Train Epoch 36: 40/158 Loss: 20.085587
2024-12-07 06:02: Train Epoch 36: 60/158 Loss: 18.655910
2024-12-07 06:02: Train Epoch 36: 80/158 Loss: 20.983633
2024-12-07 06:03: Train Epoch 36: 100/158 Loss: 19.614342
2024-12-07 06:03: Train Epoch 36: 120/158 Loss: 20.088882
2024-12-07 06:03: Train Epoch 36: 140/158 Loss: 21.025343
2024-12-07 06:03: **********Train Epoch 36: averaged Loss: 19.792994, tf_ratio: 1.000000
2024-12-07 06:03: **********Val Epoch 36: average Loss: 21.796919
2024-12-07 06:03: *********************************Current best model saved!
2024-12-07 06:03: Train Epoch 37: 0/158 Loss: 19.704954
2024-12-07 06:03: Train Epoch 37: 20/158 Loss: 19.381083
2024-12-07 06:03: Train Epoch 37: 40/158 Loss: 19.214817
2024-12-07 06:03: Train Epoch 37: 60/158 Loss: 20.255972
2024-12-07 06:03: Train Epoch 37: 80/158 Loss: 19.388493
2024-12-07 06:03: Train Epoch 37: 100/158 Loss: 20.300070
2024-12-07 06:03: Train Epoch 37: 120/158 Loss: 20.093605
2024-12-07 06:03: Train Epoch 37: 140/158 Loss: 18.077774
2024-12-07 06:03: **********Train Epoch 37: averaged Loss: 19.618481, tf_ratio: 1.000000
2024-12-07 06:03: **********Val Epoch 37: average Loss: 21.437758
2024-12-07 06:03: *********************************Current best model saved!
2024-12-07 06:03: Train Epoch 38: 0/158 Loss: 17.912874
2024-12-07 06:03: Train Epoch 38: 20/158 Loss: 19.196177
2024-12-07 06:03: Train Epoch 38: 40/158 Loss: 19.798275
2024-12-07 06:03: Train Epoch 38: 60/158 Loss: 17.944773
2024-12-07 06:03: Train Epoch 38: 80/158 Loss: 20.199245
2024-12-07 06:03: Train Epoch 38: 100/158 Loss: 19.723845
2024-12-07 06:03: Train Epoch 38: 120/158 Loss: 19.592686
2024-12-07 06:03: Train Epoch 38: 140/158 Loss: 19.609674
2024-12-07 06:03: **********Train Epoch 38: averaged Loss: 19.472761, tf_ratio: 1.000000
2024-12-07 06:03: **********Val Epoch 38: average Loss: 21.254745
2024-12-07 06:03: *********************************Current best model saved!
2024-12-07 06:03: Train Epoch 39: 0/158 Loss: 18.663561
2024-12-07 06:03: Train Epoch 39: 20/158 Loss: 18.131699
2024-12-07 06:03: Train Epoch 39: 40/158 Loss: 18.850233
2024-12-07 06:03: Train Epoch 39: 60/158 Loss: 18.931911
2024-12-07 06:03: Train Epoch 39: 80/158 Loss: 18.548901
2024-12-07 06:03: Train Epoch 39: 100/158 Loss: 18.530312
2024-12-07 06:03: Train Epoch 39: 120/158 Loss: 20.059544
2024-12-07 06:03: Train Epoch 39: 140/158 Loss: 19.620327
2024-12-07 06:03: **********Train Epoch 39: averaged Loss: 19.269989, tf_ratio: 1.000000
2024-12-07 06:03: **********Val Epoch 39: average Loss: 21.093620
2024-12-07 06:03: *********************************Current best model saved!
2024-12-07 06:03: Train Epoch 40: 0/158 Loss: 18.067980
2024-12-07 06:03: Train Epoch 40: 20/158 Loss: 18.763577
2024-12-07 06:03: Train Epoch 40: 40/158 Loss: 20.328613
2024-12-07 06:04: Train Epoch 40: 60/158 Loss: 19.653065
2024-12-07 06:04: Train Epoch 40: 80/158 Loss: 17.462389
2024-12-07 06:04: Train Epoch 40: 100/158 Loss: 20.295673
2024-12-07 06:04: Train Epoch 40: 120/158 Loss: 19.032005
2024-12-07 06:04: Train Epoch 40: 140/158 Loss: 17.964294
2024-12-07 06:04: **********Train Epoch 40: averaged Loss: 19.102672, tf_ratio: 1.000000
2024-12-07 06:04: **********Val Epoch 40: average Loss: 20.952568
2024-12-07 06:04: *********************************Current best model saved!
2024-12-07 06:04: Train Epoch 41: 0/158 Loss: 19.571201
2024-12-07 06:04: Train Epoch 41: 20/158 Loss: 20.178440
2024-12-07 06:04: Train Epoch 41: 40/158 Loss: 18.816776
2024-12-07 06:04: Train Epoch 41: 60/158 Loss: 19.584408
2024-12-07 06:04: Train Epoch 41: 80/158 Loss: 18.199286
2024-12-07 06:04: Train Epoch 41: 100/158 Loss: 18.265215
2024-12-07 06:04: Train Epoch 41: 120/158 Loss: 20.328979
2024-12-07 06:04: Train Epoch 41: 140/158 Loss: 18.403786
2024-12-07 06:04: **********Train Epoch 41: averaged Loss: 18.989629, tf_ratio: 1.000000
2024-12-07 06:04: **********Val Epoch 41: average Loss: 20.854496
2024-12-07 06:04: *********************************Current best model saved!
2024-12-07 06:04: Train Epoch 42: 0/158 Loss: 19.195175
2024-12-07 06:04: Train Epoch 42: 20/158 Loss: 18.807577
2024-12-07 06:04: Train Epoch 42: 40/158 Loss: 19.328865
2024-12-07 06:04: Train Epoch 42: 60/158 Loss: 20.371737
2024-12-07 06:04: Train Epoch 42: 80/158 Loss: 16.354685
2024-12-07 06:04: Train Epoch 42: 100/158 Loss: 19.314957
2024-12-07 06:04: Train Epoch 42: 120/158 Loss: 18.932505
2024-12-07 06:04: Train Epoch 42: 140/158 Loss: 19.106936
2024-12-07 06:04: **********Train Epoch 42: averaged Loss: 18.857751, tf_ratio: 1.000000
2024-12-07 06:04: **********Val Epoch 42: average Loss: 20.811060
2024-12-07 06:04: *********************************Current best model saved!
2024-12-07 06:04: Train Epoch 43: 0/158 Loss: 17.913538
2024-12-07 06:04: Train Epoch 43: 20/158 Loss: 19.260803
2024-12-07 06:04: Train Epoch 43: 40/158 Loss: 17.650389
2024-12-07 06:04: Train Epoch 43: 60/158 Loss: 18.076433
2024-12-07 06:04: Train Epoch 43: 80/158 Loss: 20.976566
2024-12-07 06:04: Train Epoch 43: 100/158 Loss: 17.129776
2024-12-07 06:04: Train Epoch 43: 120/158 Loss: 18.641645
2024-12-07 06:04: Train Epoch 43: 140/158 Loss: 20.852680
2024-12-07 06:04: **********Train Epoch 43: averaged Loss: 18.767780, tf_ratio: 1.000000
2024-12-07 06:04: **********Val Epoch 43: average Loss: 20.681133
2024-12-07 06:04: *********************************Current best model saved!
2024-12-07 06:04: Train Epoch 44: 0/158 Loss: 18.996504
2024-12-07 06:05: Train Epoch 44: 20/158 Loss: 18.507444
2024-12-07 06:05: Train Epoch 44: 40/158 Loss: 18.651979
2024-12-07 06:05: Train Epoch 44: 60/158 Loss: 19.777248
2024-12-07 06:05: Train Epoch 44: 80/158 Loss: 18.995470
2024-12-07 06:05: Train Epoch 44: 100/158 Loss: 18.156055
2024-12-07 06:05: Train Epoch 44: 120/158 Loss: 16.873446
2024-12-07 06:05: Train Epoch 44: 140/158 Loss: 19.228836
2024-12-07 06:05: **********Train Epoch 44: averaged Loss: 18.613037, tf_ratio: 1.000000
2024-12-07 06:05: **********Val Epoch 44: average Loss: 20.576493
2024-12-07 06:05: *********************************Current best model saved!
2024-12-07 06:05: Train Epoch 45: 0/158 Loss: 17.993279
2024-12-07 06:05: Train Epoch 45: 20/158 Loss: 17.581257
2024-12-07 06:05: Train Epoch 45: 40/158 Loss: 18.277687
2024-12-07 06:05: Train Epoch 45: 60/158 Loss: 19.405436
2024-12-07 06:05: Train Epoch 45: 80/158 Loss: 19.732485
2024-12-07 06:05: Train Epoch 45: 100/158 Loss: 18.891253
2024-12-07 06:05: Train Epoch 45: 120/158 Loss: 19.276962
2024-12-07 06:05: Train Epoch 45: 140/158 Loss: 20.799810
2024-12-07 06:05: **********Train Epoch 45: averaged Loss: 18.569395, tf_ratio: 1.000000
2024-12-07 06:05: **********Val Epoch 45: average Loss: 20.431635
2024-12-07 06:05: *********************************Current best model saved!
2024-12-07 06:05: Train Epoch 46: 0/158 Loss: 17.609980
2024-12-07 06:05: Train Epoch 46: 20/158 Loss: 17.532692
2024-12-07 06:05: Train Epoch 46: 40/158 Loss: 17.821621
2024-12-07 06:05: Train Epoch 46: 60/158 Loss: 17.751003
2024-12-07 06:05: Train Epoch 46: 80/158 Loss: 18.582384
2024-12-07 06:05: Train Epoch 46: 100/158 Loss: 19.999228
2024-12-07 06:05: Train Epoch 46: 120/158 Loss: 20.643028
2024-12-07 06:05: Train Epoch 46: 140/158 Loss: 18.336502
2024-12-07 06:05: **********Train Epoch 46: averaged Loss: 18.471273, tf_ratio: 1.000000
2024-12-07 06:05: **********Val Epoch 46: average Loss: 20.409189
2024-12-07 06:05: *********************************Current best model saved!
2024-12-07 06:05: Train Epoch 47: 0/158 Loss: 18.718956
2024-12-07 06:05: Train Epoch 47: 20/158 Loss: 19.569687
2024-12-07 06:05: Train Epoch 47: 40/158 Loss: 17.858982
2024-12-07 06:05: Train Epoch 47: 60/158 Loss: 19.734898
2024-12-07 06:05: Train Epoch 47: 80/158 Loss: 18.679195
2024-12-07 06:05: Train Epoch 47: 100/158 Loss: 17.166138
2024-12-07 06:05: Train Epoch 47: 120/158 Loss: 19.286705
2024-12-07 06:05: Train Epoch 47: 140/158 Loss: 17.191719
2024-12-07 06:05: **********Train Epoch 47: averaged Loss: 18.351651, tf_ratio: 1.000000
2024-12-07 06:06: **********Val Epoch 47: average Loss: 20.281482
2024-12-07 06:06: *********************************Current best model saved!
2024-12-07 06:06: Train Epoch 48: 0/158 Loss: 18.812077
2024-12-07 06:06: Train Epoch 48: 20/158 Loss: 17.902853
2024-12-07 06:06: Train Epoch 48: 40/158 Loss: 18.270960
2024-12-07 06:06: Train Epoch 48: 60/158 Loss: 18.019976
2024-12-07 06:06: Train Epoch 48: 80/158 Loss: 18.057785
2024-12-07 06:06: Train Epoch 48: 100/158 Loss: 17.514418
2024-12-07 06:06: Train Epoch 48: 120/158 Loss: 19.849524
2024-12-07 06:06: Train Epoch 48: 140/158 Loss: 18.542477
2024-12-07 06:06: **********Train Epoch 48: averaged Loss: 18.275281, tf_ratio: 1.000000
2024-12-07 06:06: **********Val Epoch 48: average Loss: 20.236348
2024-12-07 06:06: *********************************Current best model saved!
2024-12-07 06:06: Train Epoch 49: 0/158 Loss: 18.273367
2024-12-07 06:06: Train Epoch 49: 20/158 Loss: 19.453190
2024-12-07 06:06: Train Epoch 49: 40/158 Loss: 18.087425
2024-12-07 06:06: Train Epoch 49: 60/158 Loss: 15.903539
2024-12-07 06:06: Train Epoch 49: 80/158 Loss: 17.717724
2024-12-07 06:06: Train Epoch 49: 100/158 Loss: 17.022581
2024-12-07 06:06: Train Epoch 49: 120/158 Loss: 18.341595
2024-12-07 06:06: Train Epoch 49: 140/158 Loss: 19.242527
2024-12-07 06:06: **********Train Epoch 49: averaged Loss: 18.251955, tf_ratio: 1.000000
2024-12-07 06:06: **********Val Epoch 49: average Loss: 20.158835
2024-12-07 06:06: *********************************Current best model saved!
2024-12-07 06:06: Train Epoch 50: 0/158 Loss: 19.135862
2024-12-07 06:06: Train Epoch 50: 20/158 Loss: 18.337048
2024-12-07 06:06: Train Epoch 50: 40/158 Loss: 19.051439
2024-12-07 06:06: Train Epoch 50: 60/158 Loss: 18.318800
2024-12-07 06:06: Train Epoch 50: 80/158 Loss: 18.305191
2024-12-07 06:06: Train Epoch 50: 100/158 Loss: 17.693090
2024-12-07 06:06: Train Epoch 50: 120/158 Loss: 17.040949
2024-12-07 06:06: Train Epoch 50: 140/158 Loss: 18.368382
2024-12-07 06:06: **********Train Epoch 50: averaged Loss: 18.161358, tf_ratio: 1.000000
2024-12-07 06:06: **********Val Epoch 50: average Loss: 20.141460
2024-12-07 06:06: *********************************Current best model saved!
2024-12-07 06:06: Train Epoch 51: 0/158 Loss: 18.594036
2024-12-07 06:06: Train Epoch 51: 20/158 Loss: 20.516905
2024-12-07 06:06: Train Epoch 51: 40/158 Loss: 17.531153
2024-12-07 06:06: Train Epoch 51: 60/158 Loss: 19.146160
2024-12-07 06:06: Train Epoch 51: 80/158 Loss: 18.234482
2024-12-07 06:06: Train Epoch 51: 100/158 Loss: 18.251949
2024-12-07 06:06: Train Epoch 51: 120/158 Loss: 19.928764
2024-12-07 06:07: Train Epoch 51: 140/158 Loss: 17.858889
2024-12-07 06:07: **********Train Epoch 51: averaged Loss: 18.118750, tf_ratio: 1.000000
2024-12-07 06:07: **********Val Epoch 51: average Loss: 20.050296
2024-12-07 06:07: *********************************Current best model saved!
2024-12-07 06:07: Train Epoch 52: 0/158 Loss: 17.888046
2024-12-07 06:07: Train Epoch 52: 20/158 Loss: 19.131605
2024-12-07 06:07: Train Epoch 52: 40/158 Loss: 18.747477
2024-12-07 06:07: Train Epoch 52: 60/158 Loss: 17.431128
2024-12-07 06:07: Train Epoch 52: 80/158 Loss: 18.174717
2024-12-07 06:07: Train Epoch 52: 100/158 Loss: 17.727606
2024-12-07 06:07: Train Epoch 52: 120/158 Loss: 18.208065
2024-12-07 06:07: Train Epoch 52: 140/158 Loss: 17.228830
2024-12-07 06:07: **********Train Epoch 52: averaged Loss: 18.005533, tf_ratio: 1.000000
2024-12-07 06:07: **********Val Epoch 52: average Loss: 19.961623
2024-12-07 06:07: *********************************Current best model saved!
2024-12-07 06:07: Train Epoch 53: 0/158 Loss: 17.336014
2024-12-07 06:07: Train Epoch 53: 20/158 Loss: 16.697931
2024-12-07 06:07: Train Epoch 53: 40/158 Loss: 18.311277
2024-12-07 06:07: Train Epoch 53: 60/158 Loss: 18.821859
2024-12-07 06:07: Train Epoch 53: 80/158 Loss: 19.681023
2024-12-07 06:07: Train Epoch 53: 100/158 Loss: 17.016174
2024-12-07 06:07: Train Epoch 53: 120/158 Loss: 19.638744
2024-12-07 06:07: Train Epoch 53: 140/158 Loss: 18.058760
2024-12-07 06:07: **********Train Epoch 53: averaged Loss: 17.942301, tf_ratio: 1.000000
2024-12-07 06:07: **********Val Epoch 53: average Loss: 19.941876
2024-12-07 06:07: *********************************Current best model saved!
2024-12-07 06:07: Train Epoch 54: 0/158 Loss: 17.215702
2024-12-07 06:07: Train Epoch 54: 20/158 Loss: 18.844862
2024-12-07 06:07: Train Epoch 54: 40/158 Loss: 18.392576
2024-12-07 06:07: Train Epoch 54: 60/158 Loss: 17.232895
2024-12-07 06:07: Train Epoch 54: 80/158 Loss: 17.081886
2024-12-07 06:07: Train Epoch 54: 100/158 Loss: 16.191475
2024-12-07 06:07: Train Epoch 54: 120/158 Loss: 16.442293
2024-12-07 06:07: Train Epoch 54: 140/158 Loss: 18.206272
2024-12-07 06:07: **********Train Epoch 54: averaged Loss: 17.919115, tf_ratio: 1.000000
2024-12-07 06:07: **********Val Epoch 54: average Loss: 19.908257
2024-12-07 06:07: *********************************Current best model saved!
2024-12-07 06:07: Train Epoch 55: 0/158 Loss: 17.233540
2024-12-07 06:07: Train Epoch 55: 20/158 Loss: 17.783400
2024-12-07 06:07: Train Epoch 55: 40/158 Loss: 18.429607
2024-12-07 06:07: Train Epoch 55: 60/158 Loss: 17.373428
2024-12-07 06:07: Train Epoch 55: 80/158 Loss: 18.841593
2024-12-07 06:08: Train Epoch 55: 100/158 Loss: 18.361467
2024-12-07 06:08: Train Epoch 55: 120/158 Loss: 16.855083
2024-12-07 06:08: Train Epoch 55: 140/158 Loss: 17.178041
2024-12-07 06:08: **********Train Epoch 55: averaged Loss: 17.862257, tf_ratio: 1.000000
2024-12-07 06:08: **********Val Epoch 55: average Loss: 19.930944
2024-12-07 06:08: Train Epoch 56: 0/158 Loss: 19.541819
2024-12-07 06:08: Train Epoch 56: 20/158 Loss: 17.556240
2024-12-07 06:08: Train Epoch 56: 40/158 Loss: 17.582848
2024-12-07 06:08: Train Epoch 56: 60/158 Loss: 18.196705
2024-12-07 06:08: Train Epoch 56: 80/158 Loss: 16.930670
2024-12-07 06:08: Train Epoch 56: 100/158 Loss: 16.299345
2024-12-07 06:08: Train Epoch 56: 120/158 Loss: 17.815151
2024-12-07 06:08: Train Epoch 56: 140/158 Loss: 17.762913
2024-12-07 06:08: **********Train Epoch 56: averaged Loss: 17.805026, tf_ratio: 1.000000
2024-12-07 06:08: **********Val Epoch 56: average Loss: 19.897970
2024-12-07 06:08: *********************************Current best model saved!
2024-12-07 06:08: Train Epoch 57: 0/158 Loss: 18.922165
2024-12-07 06:08: Train Epoch 57: 20/158 Loss: 16.570127
2024-12-07 06:08: Train Epoch 57: 40/158 Loss: 18.326469
2024-12-07 06:08: Train Epoch 57: 60/158 Loss: 18.345779
2024-12-07 06:08: Train Epoch 57: 80/158 Loss: 18.079538
2024-12-07 06:08: Train Epoch 57: 100/158 Loss: 17.975290
2024-12-07 06:08: Train Epoch 57: 120/158 Loss: 17.551594
2024-12-07 06:08: Train Epoch 57: 140/158 Loss: 18.879377
2024-12-07 06:08: **********Train Epoch 57: averaged Loss: 17.785394, tf_ratio: 1.000000
2024-12-07 06:08: **********Val Epoch 57: average Loss: 19.835097
2024-12-07 06:08: *********************************Current best model saved!
2024-12-07 06:08: Train Epoch 58: 0/158 Loss: 17.699245
2024-12-07 06:08: Train Epoch 58: 20/158 Loss: 18.839964
2024-12-07 06:08: Train Epoch 58: 40/158 Loss: 17.404554
2024-12-07 06:08: Train Epoch 58: 60/158 Loss: 16.884712
2024-12-07 06:08: Train Epoch 58: 80/158 Loss: 16.779884
2024-12-07 06:08: Train Epoch 58: 100/158 Loss: 18.935083
2024-12-07 06:08: Train Epoch 58: 120/158 Loss: 17.391384
2024-12-07 06:08: Train Epoch 58: 140/158 Loss: 18.024725
2024-12-07 06:08: **********Train Epoch 58: averaged Loss: 17.702559, tf_ratio: 1.000000
2024-12-07 06:08: **********Val Epoch 58: average Loss: 19.840155
2024-12-07 06:08: Train Epoch 59: 0/158 Loss: 16.545013
2024-12-07 06:08: Train Epoch 59: 20/158 Loss: 17.390825
2024-12-07 06:08: Train Epoch 59: 40/158 Loss: 17.504995
2024-12-07 06:08: Train Epoch 59: 60/158 Loss: 18.063437
2024-12-07 06:09: Train Epoch 59: 80/158 Loss: 16.990961
2024-12-07 06:09: Train Epoch 59: 100/158 Loss: 17.758350
2024-12-07 06:09: Train Epoch 59: 120/158 Loss: 18.641888
2024-12-07 06:09: Train Epoch 59: 140/158 Loss: 17.376524
2024-12-07 06:09: **********Train Epoch 59: averaged Loss: 17.679643, tf_ratio: 1.000000
2024-12-07 06:09: **********Val Epoch 59: average Loss: 19.755965
2024-12-07 06:09: *********************************Current best model saved!
2024-12-07 06:09: Train Epoch 60: 0/158 Loss: 16.894638
2024-12-07 06:09: Train Epoch 60: 20/158 Loss: 16.604403
2024-12-07 06:09: Train Epoch 60: 40/158 Loss: 17.588932
2024-12-07 06:09: Train Epoch 60: 60/158 Loss: 16.696594
2024-12-07 06:09: Train Epoch 60: 80/158 Loss: 17.292448
2024-12-07 06:09: Train Epoch 60: 100/158 Loss: 18.317818
2024-12-07 06:09: Train Epoch 60: 120/158 Loss: 17.248568
2024-12-07 06:09: Train Epoch 60: 140/158 Loss: 17.586348
2024-12-07 06:09: **********Train Epoch 60: averaged Loss: 17.605390, tf_ratio: 1.000000
2024-12-07 06:09: **********Val Epoch 60: average Loss: 19.769071
2024-12-07 06:09: Train Epoch 61: 0/158 Loss: 16.558556
2024-12-07 06:09: Train Epoch 61: 20/158 Loss: 17.789021
2024-12-07 06:09: Train Epoch 61: 40/158 Loss: 19.495157
2024-12-07 06:09: Train Epoch 61: 60/158 Loss: 17.760271
2024-12-07 06:09: Train Epoch 61: 80/158 Loss: 18.388264
2024-12-07 06:09: Train Epoch 61: 100/158 Loss: 17.976978
2024-12-07 06:09: Train Epoch 61: 120/158 Loss: 16.603062
2024-12-07 06:09: Train Epoch 61: 140/158 Loss: 18.769575
2024-12-07 06:09: **********Train Epoch 61: averaged Loss: 17.591621, tf_ratio: 1.000000
2024-12-07 06:09: **********Val Epoch 61: average Loss: 19.742355
2024-12-07 06:09: *********************************Current best model saved!
2024-12-07 06:09: Train Epoch 62: 0/158 Loss: 18.084373
2024-12-07 06:09: Train Epoch 62: 20/158 Loss: 17.852720
2024-12-07 06:09: Train Epoch 62: 40/158 Loss: 17.040363
2024-12-07 06:09: Train Epoch 62: 60/158 Loss: 17.581409
2024-12-07 06:09: Train Epoch 62: 80/158 Loss: 19.170034
2024-12-07 06:09: Train Epoch 62: 100/158 Loss: 17.057690
2024-12-07 06:09: Train Epoch 62: 120/158 Loss: 17.459299
2024-12-07 06:09: Train Epoch 62: 140/158 Loss: 18.681337
2024-12-07 06:09: **********Train Epoch 62: averaged Loss: 17.559188, tf_ratio: 1.000000
2024-12-07 06:09: **********Val Epoch 62: average Loss: 19.896477
2024-12-07 06:09: Train Epoch 63: 0/158 Loss: 17.263000
2024-12-07 06:09: Train Epoch 63: 20/158 Loss: 17.145838
2024-12-07 06:09: Train Epoch 63: 40/158 Loss: 16.084145
2024-12-07 06:10: Train Epoch 63: 60/158 Loss: 17.713537
2024-12-07 06:10: Train Epoch 63: 80/158 Loss: 17.113663
2024-12-07 06:10: Train Epoch 63: 100/158 Loss: 15.997025
2024-12-07 06:10: Train Epoch 63: 120/158 Loss: 17.604235
2024-12-07 06:10: Train Epoch 63: 140/158 Loss: 18.280266
2024-12-07 06:10: **********Train Epoch 63: averaged Loss: 17.548264, tf_ratio: 1.000000
2024-12-07 06:10: **********Val Epoch 63: average Loss: 19.745411
2024-12-07 06:10: Train Epoch 64: 0/158 Loss: 18.387779
2024-12-07 06:10: Train Epoch 64: 20/158 Loss: 17.270010
2024-12-07 06:10: Train Epoch 64: 40/158 Loss: 17.812361
2024-12-07 06:10: Train Epoch 64: 60/158 Loss: 16.386868
2024-12-07 06:10: Train Epoch 64: 80/158 Loss: 17.740751
2024-12-07 06:10: Train Epoch 64: 100/158 Loss: 16.730034
2024-12-07 06:10: Train Epoch 64: 120/158 Loss: 16.862715
2024-12-07 06:10: Train Epoch 64: 140/158 Loss: 18.124399
2024-12-07 06:10: **********Train Epoch 64: averaged Loss: 17.514765, tf_ratio: 1.000000
2024-12-07 06:10: **********Val Epoch 64: average Loss: 19.672723
2024-12-07 06:10: *********************************Current best model saved!
2024-12-07 06:10: Train Epoch 65: 0/158 Loss: 16.070978
2024-12-07 06:10: Train Epoch 65: 20/158 Loss: 16.934473
2024-12-07 06:10: Train Epoch 65: 40/158 Loss: 19.151064
2024-12-07 06:10: Train Epoch 65: 60/158 Loss: 16.979513
2024-12-07 06:10: Train Epoch 65: 80/158 Loss: 16.561699
2024-12-07 06:10: Train Epoch 65: 100/158 Loss: 19.212824
2024-12-07 06:10: Train Epoch 65: 120/158 Loss: 17.806961
2024-12-07 06:10: Train Epoch 65: 140/158 Loss: 17.601044
2024-12-07 06:10: **********Train Epoch 65: averaged Loss: 17.446059, tf_ratio: 1.000000
2024-12-07 06:10: **********Val Epoch 65: average Loss: 19.582151
2024-12-07 06:10: *********************************Current best model saved!
2024-12-07 06:10: Train Epoch 66: 0/158 Loss: 16.829079
2024-12-07 06:10: Train Epoch 66: 20/158 Loss: 18.199408
2024-12-07 06:10: Train Epoch 66: 40/158 Loss: 17.077934
2024-12-07 06:10: Train Epoch 66: 60/158 Loss: 17.080755
2024-12-07 06:10: Train Epoch 66: 80/158 Loss: 17.462830
2024-12-07 06:10: Train Epoch 66: 100/158 Loss: 17.677856
2024-12-07 06:10: Train Epoch 66: 120/158 Loss: 17.083904
2024-12-07 06:10: Train Epoch 66: 140/158 Loss: 17.073505
2024-12-07 06:10: **********Train Epoch 66: averaged Loss: 17.413614, tf_ratio: 1.000000
2024-12-07 06:10: **********Val Epoch 66: average Loss: 19.648614
2024-12-07 06:10: Train Epoch 67: 0/158 Loss: 16.842590
2024-12-07 06:11: Train Epoch 67: 20/158 Loss: 17.840654
2024-12-07 06:11: Train Epoch 67: 40/158 Loss: 18.171852
2024-12-07 06:11: Train Epoch 67: 60/158 Loss: 16.273012
2024-12-07 06:11: Train Epoch 67: 80/158 Loss: 18.262817
2024-12-07 06:11: Train Epoch 67: 100/158 Loss: 15.949359
2024-12-07 06:11: Train Epoch 67: 120/158 Loss: 16.783976
2024-12-07 06:11: Train Epoch 67: 140/158 Loss: 16.966885
2024-12-07 06:11: **********Train Epoch 67: averaged Loss: 17.412194, tf_ratio: 1.000000
2024-12-07 06:11: **********Val Epoch 67: average Loss: 19.640561
2024-12-07 06:11: Train Epoch 68: 0/158 Loss: 17.217621
2024-12-07 06:11: Train Epoch 68: 20/158 Loss: 17.950481
2024-12-07 06:11: Train Epoch 68: 40/158 Loss: 17.727089
2024-12-07 06:11: Train Epoch 68: 60/158 Loss: 16.813618
2024-12-07 06:11: Train Epoch 68: 80/158 Loss: 18.257864
2024-12-07 06:11: Train Epoch 68: 100/158 Loss: 18.070461
2024-12-07 06:11: Train Epoch 68: 120/158 Loss: 18.067163
2024-12-07 06:11: Train Epoch 68: 140/158 Loss: 17.516563
2024-12-07 06:11: **********Train Epoch 68: averaged Loss: 17.371769, tf_ratio: 1.000000
2024-12-07 06:11: **********Val Epoch 68: average Loss: 19.635630
2024-12-07 06:11: Train Epoch 69: 0/158 Loss: 15.867988
2024-12-07 06:11: Train Epoch 69: 20/158 Loss: 17.044659
2024-12-07 06:11: Train Epoch 69: 40/158 Loss: 16.714697
2024-12-07 06:11: Train Epoch 69: 60/158 Loss: 17.835348
2024-12-07 06:11: Train Epoch 69: 80/158 Loss: 18.620373
2024-12-07 06:11: Train Epoch 69: 100/158 Loss: 17.390169
2024-12-07 06:11: Train Epoch 69: 120/158 Loss: 17.430599
2024-12-07 06:11: Train Epoch 69: 140/158 Loss: 16.704737
2024-12-07 06:11: **********Train Epoch 69: averaged Loss: 17.330439, tf_ratio: 1.000000
2024-12-07 06:11: **********Val Epoch 69: average Loss: 19.547201
2024-12-07 06:11: *********************************Current best model saved!
2024-12-07 06:11: Train Epoch 70: 0/158 Loss: 15.985254
2024-12-07 06:11: Train Epoch 70: 20/158 Loss: 17.492939
2024-12-07 06:11: Train Epoch 70: 40/158 Loss: 16.416515
2024-12-07 06:11: Train Epoch 70: 60/158 Loss: 18.506935
2024-12-07 06:11: Train Epoch 70: 80/158 Loss: 17.127701
2024-12-07 06:11: Train Epoch 70: 100/158 Loss: 17.878542
2024-12-07 06:11: Train Epoch 70: 120/158 Loss: 16.902554
2024-12-07 06:11: Train Epoch 70: 140/158 Loss: 16.821630
2024-12-07 06:11: **********Train Epoch 70: averaged Loss: 17.299738, tf_ratio: 1.000000
2024-12-07 06:12: **********Val Epoch 70: average Loss: 19.535822
2024-12-07 06:12: *********************************Current best model saved!
2024-12-07 06:12: Train Epoch 71: 0/158 Loss: 16.887371
2024-12-07 06:12: Train Epoch 71: 20/158 Loss: 17.085241
2024-12-07 06:12: Train Epoch 71: 40/158 Loss: 18.380556
2024-12-07 06:12: Train Epoch 71: 60/158 Loss: 17.866455
2024-12-07 06:12: Train Epoch 71: 80/158 Loss: 18.153986
2024-12-07 06:12: Train Epoch 71: 100/158 Loss: 17.873356
2024-12-07 06:12: Train Epoch 71: 120/158 Loss: 17.447296
2024-12-07 06:12: Train Epoch 71: 140/158 Loss: 15.673826
2024-12-07 06:12: **********Train Epoch 71: averaged Loss: 17.252616, tf_ratio: 1.000000
2024-12-07 06:12: **********Val Epoch 71: average Loss: 19.547039
2024-12-07 06:12: Train Epoch 72: 0/158 Loss: 17.243921
2024-12-07 06:12: Train Epoch 72: 20/158 Loss: 17.673258
2024-12-07 06:12: Train Epoch 72: 40/158 Loss: 16.545141
2024-12-07 06:12: Train Epoch 72: 60/158 Loss: 17.752619
2024-12-07 06:12: Train Epoch 72: 80/158 Loss: 17.735767
2024-12-07 06:12: Train Epoch 72: 100/158 Loss: 17.662580
2024-12-07 06:12: Train Epoch 72: 120/158 Loss: 16.477892
2024-12-07 06:12: Train Epoch 72: 140/158 Loss: 16.766527
2024-12-07 06:12: **********Train Epoch 72: averaged Loss: 17.269193, tf_ratio: 1.000000
2024-12-07 06:12: **********Val Epoch 72: average Loss: 19.598875
2024-12-07 06:12: Train Epoch 73: 0/158 Loss: 19.505459
2024-12-07 06:12: Train Epoch 73: 20/158 Loss: 17.556166
2024-12-07 06:12: Train Epoch 73: 40/158 Loss: 16.213329
2024-12-07 06:12: Train Epoch 73: 60/158 Loss: 15.984620
2024-12-07 06:12: Train Epoch 73: 80/158 Loss: 17.472645
2024-12-07 06:12: Train Epoch 73: 100/158 Loss: 18.489368
2024-12-07 06:12: Train Epoch 73: 120/158 Loss: 16.465343
2024-12-07 06:12: Train Epoch 73: 140/158 Loss: 16.198013
2024-12-07 06:12: **********Train Epoch 73: averaged Loss: 17.236824, tf_ratio: 1.000000
2024-12-07 06:12: **********Val Epoch 73: average Loss: 19.571758
2024-12-07 06:12: Train Epoch 74: 0/158 Loss: 17.902018
2024-12-07 06:12: Train Epoch 74: 20/158 Loss: 17.461500
2024-12-07 06:12: Train Epoch 74: 40/158 Loss: 19.484829
2024-12-07 06:12: Train Epoch 74: 60/158 Loss: 17.473740
2024-12-07 06:12: Train Epoch 74: 80/158 Loss: 17.555595
2024-12-07 06:12: Train Epoch 74: 100/158 Loss: 16.445276
2024-12-07 06:12: Train Epoch 74: 120/158 Loss: 16.159380
2024-12-07 06:13: Train Epoch 74: 140/158 Loss: 19.027941
2024-12-07 06:13: **********Train Epoch 74: averaged Loss: 17.204497, tf_ratio: 1.000000
2024-12-07 06:13: **********Val Epoch 74: average Loss: 19.557953
2024-12-07 06:13: Train Epoch 75: 0/158 Loss: 17.985134
2024-12-07 06:13: Train Epoch 75: 20/158 Loss: 16.169436
2024-12-07 06:13: Train Epoch 75: 40/158 Loss: 17.227678
2024-12-07 06:13: Train Epoch 75: 60/158 Loss: 17.486423
2024-12-07 06:13: Train Epoch 75: 80/158 Loss: 17.278578
2024-12-07 06:13: Train Epoch 75: 100/158 Loss: 17.381149
2024-12-07 06:13: Train Epoch 75: 120/158 Loss: 17.886148
2024-12-07 06:13: Train Epoch 75: 140/158 Loss: 17.649622
2024-12-07 06:13: **********Train Epoch 75: averaged Loss: 17.207970, tf_ratio: 1.000000
2024-12-07 06:13: **********Val Epoch 75: average Loss: 19.536853
2024-12-07 06:13: Train Epoch 76: 0/158 Loss: 18.267633
2024-12-07 06:13: Train Epoch 76: 20/158 Loss: 18.411760
2024-12-07 06:13: Train Epoch 76: 40/158 Loss: 15.660017
2024-12-07 06:13: Train Epoch 76: 60/158 Loss: 17.779266
2024-12-07 06:13: Train Epoch 76: 80/158 Loss: 16.480955
2024-12-07 06:13: Train Epoch 76: 100/158 Loss: 16.677172
2024-12-07 06:13: Train Epoch 76: 120/158 Loss: 17.257311
2024-12-07 06:13: Train Epoch 76: 140/158 Loss: 16.920839
2024-12-07 06:13: **********Train Epoch 76: averaged Loss: 17.165743, tf_ratio: 1.000000
2024-12-07 06:13: **********Val Epoch 76: average Loss: 19.573580
2024-12-07 06:13: Train Epoch 77: 0/158 Loss: 16.131306
2024-12-07 06:13: Train Epoch 77: 20/158 Loss: 17.088085
2024-12-07 06:13: Train Epoch 77: 40/158 Loss: 17.565643
2024-12-07 06:13: Train Epoch 77: 60/158 Loss: 17.053253
2024-12-07 06:13: Train Epoch 77: 80/158 Loss: 17.251802
2024-12-07 06:13: Train Epoch 77: 100/158 Loss: 17.802393
2024-12-07 06:13: Train Epoch 77: 120/158 Loss: 17.109301
2024-12-07 06:13: Train Epoch 77: 140/158 Loss: 17.986530
2024-12-07 06:13: **********Train Epoch 77: averaged Loss: 17.131574, tf_ratio: 1.000000
2024-12-07 06:13: **********Val Epoch 77: average Loss: 19.538894
2024-12-07 06:13: Train Epoch 78: 0/158 Loss: 16.862654
2024-12-07 06:13: Train Epoch 78: 20/158 Loss: 16.939816
2024-12-07 06:13: Train Epoch 78: 40/158 Loss: 18.363226
2024-12-07 06:13: Train Epoch 78: 60/158 Loss: 15.884283
2024-12-07 06:13: Train Epoch 78: 80/158 Loss: 17.114937
2024-12-07 06:13: Train Epoch 78: 100/158 Loss: 17.288429
2024-12-07 06:14: Train Epoch 78: 120/158 Loss: 17.625565
2024-12-07 06:14: Train Epoch 78: 140/158 Loss: 16.672630
2024-12-07 06:14: **********Train Epoch 78: averaged Loss: 17.099622, tf_ratio: 1.000000
2024-12-07 06:14: **********Val Epoch 78: average Loss: 19.514151
2024-12-07 06:14: *********************************Current best model saved!
2024-12-07 06:14: Train Epoch 79: 0/158 Loss: 17.768457
2024-12-07 06:14: Train Epoch 79: 20/158 Loss: 17.801327
2024-12-07 06:14: Train Epoch 79: 40/158 Loss: 16.693165
2024-12-07 06:14: Train Epoch 79: 60/158 Loss: 17.438364
2024-12-07 06:14: Train Epoch 79: 80/158 Loss: 18.400942
2024-12-07 06:14: Train Epoch 79: 100/158 Loss: 16.791735
2024-12-07 06:14: Train Epoch 79: 120/158 Loss: 17.263924
2024-12-07 06:14: Train Epoch 79: 140/158 Loss: 17.502560
2024-12-07 06:14: **********Train Epoch 79: averaged Loss: 17.116532, tf_ratio: 1.000000
2024-12-07 06:14: **********Val Epoch 79: average Loss: 19.501799
2024-12-07 06:14: *********************************Current best model saved!
2024-12-07 06:14: Train Epoch 80: 0/158 Loss: 16.652073
2024-12-07 06:14: Train Epoch 80: 20/158 Loss: 17.182037
2024-12-07 06:14: Train Epoch 80: 40/158 Loss: 17.308018
2024-12-07 06:14: Train Epoch 80: 60/158 Loss: 17.716269
2024-12-07 06:14: Train Epoch 80: 80/158 Loss: 16.248796
2024-12-07 06:14: Train Epoch 80: 100/158 Loss: 16.327570
2024-12-07 06:14: Train Epoch 80: 120/158 Loss: 18.210953
2024-12-07 06:14: Train Epoch 80: 140/158 Loss: 17.102995
2024-12-07 06:14: **********Train Epoch 80: averaged Loss: 17.067989, tf_ratio: 1.000000
2024-12-07 06:14: **********Val Epoch 80: average Loss: 19.506200
2024-12-07 06:14: Train Epoch 81: 0/158 Loss: 18.176273
2024-12-07 06:14: Train Epoch 81: 20/158 Loss: 16.546598
2024-12-07 06:14: Train Epoch 81: 40/158 Loss: 18.410887
2024-12-07 06:14: Train Epoch 81: 60/158 Loss: 16.296753
2024-12-07 06:14: Train Epoch 81: 80/158 Loss: 18.225601
2024-12-07 06:14: Train Epoch 81: 100/158 Loss: 16.453434
2024-12-07 06:14: Train Epoch 81: 120/158 Loss: 17.949757
2024-12-07 06:14: Train Epoch 81: 140/158 Loss: 15.650586
2024-12-07 06:14: **********Train Epoch 81: averaged Loss: 17.122794, tf_ratio: 1.000000
2024-12-07 06:14: **********Val Epoch 81: average Loss: 19.460786
2024-12-07 06:14: *********************************Current best model saved!
2024-12-07 06:14: Train Epoch 82: 0/158 Loss: 16.994753
2024-12-07 06:14: Train Epoch 82: 20/158 Loss: 17.135302
2024-12-07 06:14: Train Epoch 82: 40/158 Loss: 17.007103
2024-12-07 06:14: Train Epoch 82: 60/158 Loss: 16.416065
2024-12-07 06:15: Train Epoch 82: 80/158 Loss: 16.857716
2024-12-07 06:15: Train Epoch 82: 100/158 Loss: 17.237648
2024-12-07 06:15: Train Epoch 82: 120/158 Loss: 16.173132
2024-12-07 06:15: Train Epoch 82: 140/158 Loss: 17.378647
2024-12-07 06:15: **********Train Epoch 82: averaged Loss: 17.032519, tf_ratio: 1.000000
2024-12-07 06:15: **********Val Epoch 82: average Loss: 19.521759
2024-12-07 06:15: Train Epoch 83: 0/158 Loss: 16.895889
2024-12-07 06:15: Train Epoch 83: 20/158 Loss: 16.311655
2024-12-07 06:15: Train Epoch 83: 40/158 Loss: 18.056055
2024-12-07 06:15: Train Epoch 83: 60/158 Loss: 15.418260
2024-12-07 06:15: Train Epoch 83: 80/158 Loss: 15.678755
2024-12-07 06:15: Train Epoch 83: 100/158 Loss: 15.714081
2024-12-07 06:15: Train Epoch 83: 120/158 Loss: 16.033846
2024-12-07 06:15: Train Epoch 83: 140/158 Loss: 16.920679
2024-12-07 06:15: **********Train Epoch 83: averaged Loss: 17.015072, tf_ratio: 1.000000
2024-12-07 06:15: **********Val Epoch 83: average Loss: 19.484538
2024-12-07 06:15: Train Epoch 84: 0/158 Loss: 17.470844
2024-12-07 06:15: Train Epoch 84: 20/158 Loss: 18.015202
2024-12-07 06:15: Train Epoch 84: 40/158 Loss: 17.414932
2024-12-07 06:15: Train Epoch 84: 60/158 Loss: 16.099592
2024-12-07 06:15: Train Epoch 84: 80/158 Loss: 17.513369
2024-12-07 06:15: Train Epoch 84: 100/158 Loss: 16.883408
2024-12-07 06:15: Train Epoch 84: 120/158 Loss: 15.988373
2024-12-07 06:15: Train Epoch 84: 140/158 Loss: 17.695572
2024-12-07 06:15: **********Train Epoch 84: averaged Loss: 16.979745, tf_ratio: 1.000000
2024-12-07 06:15: **********Val Epoch 84: average Loss: 19.460032
2024-12-07 06:15: *********************************Current best model saved!
2024-12-07 06:15: Train Epoch 85: 0/158 Loss: 16.759520
2024-12-07 06:15: Train Epoch 85: 20/158 Loss: 17.965134
2024-12-07 06:15: Train Epoch 85: 40/158 Loss: 16.217857
2024-12-07 06:15: Train Epoch 85: 60/158 Loss: 17.205656
2024-12-07 06:15: Train Epoch 85: 80/158 Loss: 16.314693
2024-12-07 06:15: Train Epoch 85: 100/158 Loss: 17.619759
2024-12-07 06:15: Train Epoch 85: 120/158 Loss: 14.687943
2024-12-07 06:15: Train Epoch 85: 140/158 Loss: 17.454521
2024-12-07 06:15: **********Train Epoch 85: averaged Loss: 16.956653, tf_ratio: 1.000000
2024-12-07 06:15: **********Val Epoch 85: average Loss: 19.494212
2024-12-07 06:15: Train Epoch 86: 0/158 Loss: 17.297426
2024-12-07 06:15: Train Epoch 86: 20/158 Loss: 16.558794
2024-12-07 06:16: Train Epoch 86: 40/158 Loss: 17.071354
2024-12-07 06:16: Train Epoch 86: 60/158 Loss: 16.397457
2024-12-07 06:16: Train Epoch 86: 80/158 Loss: 17.415588
2024-12-07 06:16: Train Epoch 86: 100/158 Loss: 16.745094
2024-12-07 06:16: Train Epoch 86: 120/158 Loss: 17.470697
2024-12-07 06:16: Train Epoch 86: 140/158 Loss: 15.998655
2024-12-07 06:16: **********Train Epoch 86: averaged Loss: 16.937955, tf_ratio: 1.000000
2024-12-07 06:16: **********Val Epoch 86: average Loss: 19.472783
2024-12-07 06:16: Train Epoch 87: 0/158 Loss: 18.122978
2024-12-07 06:16: Train Epoch 87: 20/158 Loss: 17.013355
2024-12-07 06:16: Train Epoch 87: 40/158 Loss: 17.297649
2024-12-07 06:16: Train Epoch 87: 60/158 Loss: 17.710474
2024-12-07 06:16: Train Epoch 87: 80/158 Loss: 16.545645
2024-12-07 06:16: Train Epoch 87: 100/158 Loss: 17.011408
2024-12-07 06:16: Train Epoch 87: 120/158 Loss: 16.609686
2024-12-07 06:16: Train Epoch 87: 140/158 Loss: 16.303249
2024-12-07 06:16: **********Train Epoch 87: averaged Loss: 16.959948, tf_ratio: 1.000000
2024-12-07 06:16: **********Val Epoch 87: average Loss: 19.520270
2024-12-07 06:16: Train Epoch 88: 0/158 Loss: 17.670799
2024-12-07 06:16: Train Epoch 88: 20/158 Loss: 15.600293
2024-12-07 06:16: Train Epoch 88: 40/158 Loss: 17.641394
2024-12-07 06:16: Train Epoch 88: 60/158 Loss: 17.531637
2024-12-07 06:16: Train Epoch 88: 80/158 Loss: 17.267748
2024-12-07 06:16: Train Epoch 88: 100/158 Loss: 17.908426
2024-12-07 06:16: Train Epoch 88: 120/158 Loss: 17.764517
2024-12-07 06:16: Train Epoch 88: 140/158 Loss: 18.993845
2024-12-07 06:16: **********Train Epoch 88: averaged Loss: 16.959232, tf_ratio: 1.000000
2024-12-07 06:16: **********Val Epoch 88: average Loss: 19.524147
2024-12-07 06:16: Train Epoch 89: 0/158 Loss: 17.780331
2024-12-07 06:16: Train Epoch 89: 20/158 Loss: 18.358099
2024-12-07 06:16: Train Epoch 89: 40/158 Loss: 17.222122
2024-12-07 06:16: Train Epoch 89: 60/158 Loss: 15.499367
2024-12-07 06:16: Train Epoch 89: 80/158 Loss: 16.346003
2024-12-07 06:16: Train Epoch 89: 100/158 Loss: 17.308613
2024-12-07 06:16: Train Epoch 89: 120/158 Loss: 16.877382
2024-12-07 06:16: Train Epoch 89: 140/158 Loss: 18.014421
2024-12-07 06:16: **********Train Epoch 89: averaged Loss: 16.927254, tf_ratio: 1.000000
2024-12-07 06:17: **********Val Epoch 89: average Loss: 19.556048
2024-12-07 06:17: Train Epoch 90: 0/158 Loss: 16.742903
2024-12-07 06:17: Train Epoch 90: 20/158 Loss: 16.591711
2024-12-07 06:17: Train Epoch 90: 40/158 Loss: 17.636890
2024-12-07 06:17: Train Epoch 90: 60/158 Loss: 18.280668
2024-12-07 06:17: Train Epoch 90: 80/158 Loss: 17.072266
2024-12-07 06:17: Train Epoch 90: 100/158 Loss: 16.557878
2024-12-07 06:17: Train Epoch 90: 120/158 Loss: 16.612700
2024-12-07 06:17: Train Epoch 90: 140/158 Loss: 17.038937
2024-12-07 06:17: **********Train Epoch 90: averaged Loss: 16.884641, tf_ratio: 1.000000
2024-12-07 06:17: **********Val Epoch 90: average Loss: 19.521532
2024-12-07 06:17: Train Epoch 91: 0/158 Loss: 15.305676
2024-12-07 06:17: Train Epoch 91: 20/158 Loss: 16.591948
2024-12-07 06:17: Train Epoch 91: 40/158 Loss: 16.906019
2024-12-07 06:17: Train Epoch 91: 60/158 Loss: 16.548357
2024-12-07 06:17: Train Epoch 91: 80/158 Loss: 18.001703
2024-12-07 06:17: Train Epoch 91: 100/158 Loss: 17.156225
2024-12-07 06:17: Train Epoch 91: 120/158 Loss: 16.858910
2024-12-07 06:17: Train Epoch 91: 140/158 Loss: 16.943344
2024-12-07 06:17: **********Train Epoch 91: averaged Loss: 16.905973, tf_ratio: 1.000000
2024-12-07 06:17: **********Val Epoch 91: average Loss: 19.486963
2024-12-07 06:17: Train Epoch 92: 0/158 Loss: 17.195107
2024-12-07 06:17: Train Epoch 92: 20/158 Loss: 17.849913
2024-12-07 06:17: Train Epoch 92: 40/158 Loss: 17.478407
2024-12-07 06:17: Train Epoch 92: 60/158 Loss: 16.997410
2024-12-07 06:17: Train Epoch 92: 80/158 Loss: 16.529993
2024-12-07 06:17: Train Epoch 92: 100/158 Loss: 16.166307
2024-12-07 06:17: Train Epoch 92: 120/158 Loss: 16.897894
2024-12-07 06:17: Train Epoch 92: 140/158 Loss: 15.955556
2024-12-07 06:17: **********Train Epoch 92: averaged Loss: 16.857672, tf_ratio: 1.000000
2024-12-07 06:17: **********Val Epoch 92: average Loss: 19.500417
2024-12-07 06:17: Train Epoch 93: 0/158 Loss: 15.489726
2024-12-07 06:17: Train Epoch 93: 20/158 Loss: 16.751822
2024-12-07 06:17: Train Epoch 93: 40/158 Loss: 15.937533
2024-12-07 06:17: Train Epoch 93: 60/158 Loss: 17.283802
2024-12-07 06:17: Train Epoch 93: 80/158 Loss: 16.164698
2024-12-07 06:17: Train Epoch 93: 100/158 Loss: 17.360481
2024-12-07 06:17: Train Epoch 93: 120/158 Loss: 16.206579
2024-12-07 06:18: Train Epoch 93: 140/158 Loss: 17.355326
2024-12-07 06:18: **********Train Epoch 93: averaged Loss: 16.849602, tf_ratio: 1.000000
2024-12-07 06:18: **********Val Epoch 93: average Loss: 19.494605
2024-12-07 06:18: Train Epoch 94: 0/158 Loss: 15.754164
2024-12-07 06:18: Train Epoch 94: 20/158 Loss: 16.518883
2024-12-07 06:18: Train Epoch 94: 40/158 Loss: 16.477688
2024-12-07 06:18: Train Epoch 94: 60/158 Loss: 18.240004
2024-12-07 06:18: Train Epoch 94: 80/158 Loss: 17.275093
2024-12-07 06:18: Train Epoch 94: 100/158 Loss: 16.913179
2024-12-07 06:18: Train Epoch 94: 120/158 Loss: 16.053085
2024-12-07 06:18: Train Epoch 94: 140/158 Loss: 17.140663
2024-12-07 06:18: **********Train Epoch 94: averaged Loss: 16.828631, tf_ratio: 1.000000
2024-12-07 06:18: **********Val Epoch 94: average Loss: 19.530891
2024-12-07 06:18: Train Epoch 95: 0/158 Loss: 16.140234
2024-12-07 06:18: Train Epoch 95: 20/158 Loss: 17.241375
2024-12-07 06:18: Train Epoch 95: 40/158 Loss: 16.107912
2024-12-07 06:18: Train Epoch 95: 60/158 Loss: 16.915340
2024-12-07 06:18: Train Epoch 95: 80/158 Loss: 16.883379
2024-12-07 06:18: Train Epoch 95: 100/158 Loss: 17.728792
2024-12-07 06:18: Train Epoch 95: 120/158 Loss: 16.679989
2024-12-07 06:18: Train Epoch 95: 140/158 Loss: 16.064545
2024-12-07 06:18: **********Train Epoch 95: averaged Loss: 16.835228, tf_ratio: 1.000000
2024-12-07 06:18: **********Val Epoch 95: average Loss: 19.512865
2024-12-07 06:18: Train Epoch 96: 0/158 Loss: 17.555975
2024-12-07 06:18: Train Epoch 96: 20/158 Loss: 16.642212
2024-12-07 06:18: Train Epoch 96: 40/158 Loss: 17.617527
2024-12-07 06:18: Train Epoch 96: 60/158 Loss: 16.726280
2024-12-07 06:18: Train Epoch 96: 80/158 Loss: 17.936813
2024-12-07 06:18: Train Epoch 96: 100/158 Loss: 16.500740
2024-12-07 06:18: Train Epoch 96: 120/158 Loss: 17.024799
2024-12-07 06:18: Train Epoch 96: 140/158 Loss: 17.198923
2024-12-07 06:18: **********Train Epoch 96: averaged Loss: 16.809524, tf_ratio: 1.000000
2024-12-07 06:18: **********Val Epoch 96: average Loss: 19.585830
2024-12-07 06:18: Train Epoch 97: 0/158 Loss: 16.175955
2024-12-07 06:18: Train Epoch 97: 20/158 Loss: 17.402445
2024-12-07 06:18: Train Epoch 97: 40/158 Loss: 16.231068
2024-12-07 06:18: Train Epoch 97: 60/158 Loss: 17.081228
2024-12-07 06:18: Train Epoch 97: 80/158 Loss: 17.919331
2024-12-07 06:18: Train Epoch 97: 100/158 Loss: 16.882648
2024-12-07 06:19: Train Epoch 97: 120/158 Loss: 16.812414
2024-12-07 06:19: Train Epoch 97: 140/158 Loss: 16.664410
2024-12-07 06:19: **********Train Epoch 97: averaged Loss: 16.787738, tf_ratio: 1.000000
2024-12-07 06:19: **********Val Epoch 97: average Loss: 19.533134
2024-12-07 06:19: Train Epoch 98: 0/158 Loss: 16.168245
2024-12-07 06:19: Train Epoch 98: 20/158 Loss: 16.325098
2024-12-07 06:19: Train Epoch 98: 40/158 Loss: 16.931007
2024-12-07 06:19: Train Epoch 98: 60/158 Loss: 17.191103
2024-12-07 06:19: Train Epoch 98: 80/158 Loss: 13.643683
2024-12-07 06:19: Train Epoch 98: 100/158 Loss: 16.467558
2024-12-07 06:19: Train Epoch 98: 120/158 Loss: 16.711271
2024-12-07 06:19: Train Epoch 98: 140/158 Loss: 16.731127
2024-12-07 06:19: **********Train Epoch 98: averaged Loss: 16.783548, tf_ratio: 1.000000
2024-12-07 06:19: **********Val Epoch 98: average Loss: 19.472058
2024-12-07 06:19: Train Epoch 99: 0/158 Loss: 16.710794
2024-12-07 06:19: Train Epoch 99: 20/158 Loss: 16.053871
2024-12-07 06:19: Train Epoch 99: 40/158 Loss: 16.864523
2024-12-07 06:19: Train Epoch 99: 60/158 Loss: 18.692488
2024-12-07 06:19: Train Epoch 99: 80/158 Loss: 16.441269
2024-12-07 06:19: Train Epoch 99: 100/158 Loss: 14.836947
2024-12-07 06:19: Train Epoch 99: 120/158 Loss: 17.215765
2024-12-07 06:19: Train Epoch 99: 140/158 Loss: 16.073727
2024-12-07 06:19: **********Train Epoch 99: averaged Loss: 16.735492, tf_ratio: 1.000000
2024-12-07 06:19: **********Val Epoch 99: average Loss: 19.472426
2024-12-07 06:19: Validation performance didn't improve for 15 epochs. Training stops.
2024-12-07 06:19: Total training time: 25.8792min, best loss: 19.460032
2024-12-07 06:19: Horizon 01, MAE: 18.68, RMSE: 30.26, MAPE: 12.5175%
2024-12-07 06:19: Horizon 02, MAE: 18.78, RMSE: 30.61, MAPE: 12.5259%
2024-12-07 06:19: Horizon 03, MAE: 18.98, RMSE: 31.03, MAPE: 12.6548%
2024-12-07 06:19: Horizon 04, MAE: 19.22, RMSE: 31.49, MAPE: 12.8187%
2024-12-07 06:19: Horizon 05, MAE: 19.50, RMSE: 31.96, MAPE: 13.0233%
2024-12-07 06:19: Horizon 06, MAE: 19.77, RMSE: 32.41, MAPE: 13.2145%
2024-12-07 06:19: Horizon 07, MAE: 20.01, RMSE: 32.82, MAPE: 13.3573%
2024-12-07 06:19: Horizon 08, MAE: 20.20, RMSE: 33.19, MAPE: 13.4612%
2024-12-07 06:19: Horizon 09, MAE: 20.38, RMSE: 33.54, MAPE: 13.5726%
2024-12-07 06:19: Horizon 10, MAE: 20.59, RMSE: 33.93, MAPE: 13.7235%
2024-12-07 06:19: Horizon 11, MAE: 20.93, RMSE: 34.43, MAPE: 13.9569%
2024-12-07 06:19: Horizon 12, MAE: 21.45, RMSE: 35.11, MAPE: 14.3262%
2024-12-07 06:19: Average Horizon, MAE: 19.87, RMSE: 32.60, MAPE: 13.2627%
/home/data2/caoshuqin/leidongchen/project/AGCRN
*****************Model Parameter*****************
node_embeddings torch.Size([307, 10]) True
encoder.dcrnn_cells.0.gate.weights_pool torch.Size([10, 2, 65, 128]) True
encoder.dcrnn_cells.0.gate.bias_pool torch.Size([10, 128]) True
encoder.dcrnn_cells.0.update.weights_pool torch.Size([10, 2, 65, 64]) True
encoder.dcrnn_cells.0.update.bias_pool torch.Size([10, 64]) True
encoder.dcrnn_cells.1.gate.weights_pool torch.Size([10, 2, 128, 128]) True
encoder.dcrnn_cells.1.gate.bias_pool torch.Size([10, 128]) True
encoder.dcrnn_cells.1.update.weights_pool torch.Size([10, 2, 128, 64]) True
encoder.dcrnn_cells.1.update.bias_pool torch.Size([10, 64]) True
end_conv.weight torch.Size([12, 1, 1, 64]) True
end_conv.bias torch.Size([12]) True
Total params num: 748810
*****************Finish Parameter****************
Load PEMSD4 Dataset shaped:  (16992, 307, 1) 919.0 0.0 211.7007794815878 180.0
Normalize the dataset by Standard Normalization
Train:  (10173, 12, 307, 1) (10173, 12, 307, 1)
Val:  (3375, 12, 307, 1) (3375, 12, 307, 1)
Test:  (3375, 12, 307, 1) (3375, 12, 307, 1)
